{"level":"info","message":"Twilio app running"}
{"level":"info","message":"Server listening at http://localhost:7000"}
{"level":"info","message":"GET /api/whatsappcheck 200"}
{"level":"info","message":"Twilio app running"}
{"level":"info","message":"Server listening at http://localhost:7000"}
{"level":"info","message":"Twilio app running"}
{"level":"info","message":"Server listening at http://localhost:7000"}
{"level":"info","message":"GET /api/whatsappcheck 200"}
{"level":"info","message":"Twilio app running"}
{"level":"info","message":"Server listening at http://localhost:7000"}
{"level":"info","message":"GET /api/whatsappcheck 200"}
{"level":"info","message":"Twilio app running"}
{"level":"info","message":"Server listening at http://localhost:7000"}
{"level":"info","message":"GET /api/whatsappcheck 200"}
{"level":"info","message":"Twilio app running"}
{"level":"info","message":"Server listening at http://localhost:7000"}
{"level":"info","message":"GET /api/whatsappcheck 200"}
{"level":"info","message":"Twilio app running"}
{"level":"info","message":"Server listening at http://localhost:7000"}
{"level":"info","message":"GET /api/whatsappcheck 200"}
{"level":"info","message":"Twilio app running"}
{"level":"info","message":"Server listening at http://localhost:7000"}
{"level":"info","message":"Twilio app running"}
{"level":"info","message":"Server listening at http://localhost:7000"}
{"level":"info","message":"GET /api/whatsappcheck 200"}
{"level":"info","message":"Twilio app running"}
{"level":"info","message":"Server listening at http://localhost:7000"}
{"level":"info","message":"Twilio app running"}
{"level":"info","message":"Server listening at http://localhost:7000"}
{"level":"info","message":"GET /api/whatsappcheck 200"}
{"level":"info","message":"Twilio app running"}
{"level":"info","message":"Server listening at http://localhost:7000"}
{"level":"info","message":"Twilio app running"}
{"level":"info","message":"Server listening at http://localhost:7000"}
{"level":"info","message":"Twilio app running"}
{"level":"info","message":"Server listening at http://localhost:7000"}
{"level":"info","message":"GET /api/whatsappcheck 200"}
{"level":"info","message":"Twilio app running"}
{"level":"info","message":"Server listening at http://localhost:7000"}
{"level":"info","message":"Twilio app running"}
{"level":"info","message":"Server listening at http://localhost:7000"}
{"level":"info","message":"Twilio app running"}
{"level":"info","message":"Server listening at http://localhost:7000"}
{"level":"info","message":"GET /api/whatsappcheck 200"}
{"level":"info","message":"Twilio app running"}
{"level":"info","message":"Server listening at http://localhost:7000"}
{"level":"info","message":"Twilio app running"}
{"level":"info","message":"Server listening at http://localhost:7000"}
{"level":"info","message":"GET /api/whatsappcheck 200"}
{"level":"info","message":"Twilio app running"}
{"level":"info","message":"Server listening at http://localhost:7000"}
{"level":"info","message":"GET /api/whatsappcheck 200"}
{"level":"info","message":"Twilio app running"}
{"level":"info","message":"Server listening at http://localhost:7000"}
{"level":"info","message":"Twilio app running"}
{"level":"info","message":"Server listening at http://localhost:7000"}
{"level":"info","message":"GET /api/whatsappcheck 200"}
{"level":"info","message":"Twilio app running"}
{"level":"info","message":"Server listening at http://localhost:7000"}
{"level":"info","message":"GET /api/whatsappcheck 200"}
{"level":"info","message":"Twilio app running"}
{"level":"info","message":"Server listening at http://localhost:7000"}
{"level":"info","message":"GET /api/whatsappcheck/:+6421763733 200"}
{"level":"info","message":"Twilio app running"}
{"level":"info","message":"Server listening at http://localhost:7000"}
{"level":"info","message":"GET /api/whatsappcheck/:+6421763733 200"}
{"level":"info","message":"GET /api/whatsappcheck:+6421763733 200"}
{"level":"info","message":"GET /api/whatsappcheck:+6421763733 200"}
{"level":"info","message":"GET /api/whatsappcheck:6421763733 200"}
{"level":"info","message":"Twilio app running"}
{"level":"info","message":"Server listening at http://localhost:7000"}
{"level":"info","message":"GET /api/whatsappcheck:6421763733 200"}
{"level":"info","message":"Twilio app running"}
{"level":"info","message":"Server listening at http://localhost:7000"}
{"level":"info","message":"GET /api/whatsappcheck:6421763733 200"}
{"level":"info","message":"GET /api/whatsappcheck/6421763733 200"}
{"level":"info","message":"GET /api/whatsappcheck/:6421763733 200"}
{"level":"info","message":"GET /api/whatsappcheck:6421763733 200"}
{"level":"info","message":"Twilio app running"}
{"level":"info","message":"Server listening at http://localhost:7000"}
{"level":"info","message":"GET /api/whatsappcheck:6421763733 200"}
{"level":"info","message":"GET /api/whatsappcheck/6421763733 200"}
{"level":"info","message":"GET /api/whatsappcheck:6421763733 200"}
{"level":"info","message":"GET /api/whatsappcheck:+6421763733 200"}
{"level":"info","message":"Twilio app running"}
{"level":"info","message":"Server listening at http://localhost:7000"}
{"level":"info","message":"GET /api/whatsappcheck/:+6421763733 200"}
{"level":"info","message":"GET /api/whatsappcheck/:+6421763733 200"}
{"level":"info","message":"GET /api/whatsappcheck/phoneNumber:+6421763733 200"}
{"level":"info","message":"GET /api/whatsappcheck/+6421763733 200"}
{"level":"info","message":"GET /api/whatsappcheck/6421763733 200"}
{"level":"info","message":"Twilio app running"}
{"level":"info","message":"Server listening at http://localhost:7000"}
{"level":"info","message":"GET /api/whatsappcheck/6421763733 200"}
{"level":"info","message":"GET /api/whatsappcheck/6421763733 200"}
{"level":"info","message":"GET /api/whatsappcheck/+6421763733 200"}
{"level":"info","message":"GET /api/whatsappcheck/+6421763733hk 200"}
{"level":"info","message":"GET /api/whatsappcheck/+[6421763733 200"}
{"level":"info","message":"GET /api/whatsappcheck/+[64]21763733 200"}
{"level":"info","message":"GET /api/whatsappcheck/+(64)21763733 200"}
{"level":"info","message":"Twilio app running"}
{"level":"info","message":"Server listening at http://localhost:7000"}
{"level":"info","message":"GET /api/whatsappcheck/+(64)21763733 200"}
{"level":"info","message":"GET /api/whatsappcheck/+(64)21763733 200"}
{"level":"info","message":"GET /api/whatsappcheck/(64)21763733 200"}
{"level":"info","message":"Twilio app running"}
{"level":"info","message":"Server listening at http://localhost:7000"}
{"level":"info","message":"GET /api/whatsappcheck/(64)21763733 200"}
{"level":"info","message":"GET /api/whatsappcheck/(64)21763733 200"}
{"level":"info","message":"GET /api/whatsappcheck/(64)21763733 200"}
{"level":"info","message":"GET /api/whatsappcheck/(64)21763733 200"}
{"level":"info","message":"GET /api/whatsappcheck/(64)21763733 200"}
{"level":"info","message":"GET /api/whatsappcheck/(64)21763733 200"}
{"level":"info","message":"GET /api/whatsappcheck/(64)21763733 200"}
{"level":"info","message":"GET /api/whatsappcheck/(64)21763733 200"}
{"level":"info","message":"GET /api/whatsappcheck/(64)21763733 200"}
{"level":"info","message":"GET /api/whatsappcheck/(64)21763733 200"}
{"level":"info","message":"GET /api/whatsappcheck/(64)21763733 200"}
{"level":"info","message":"GET /api/whatsappcheck/(64)21763733 200"}
{"level":"info","message":"Twilio app running"}
{"level":"info","message":"Server listening at http://localhost:7000"}
{"level":"info","message":"GET /api/whatsappcheck/(64)21763733 200"}
{"level":"info","message":"GET /api/whatsappcheck/(64)21763733 200"}
{"level":"info","message":"Twilio app running"}
{"level":"info","message":"Server listening at http://localhost:7000"}
{"level":"info","message":"GET /api/whatsappcheck/(64)21763733 200"}
{"level":"info","message":"Twilio app running"}
{"level":"info","message":"Server listening at http://localhost:7000"}
{"level":"info","message":"GET /api/whatsappcheck/(64)21763733 200"}
{"level":"info","message":"Twilio app running"}
{"level":"info","message":"Server listening at http://localhost:7000"}
{"level":"info","message":"Twilio app running"}
{"level":"info","message":"Server listening at http://localhost:7000"}
{"level":"info","message":"GET /api/whatsappcheck/(64)21763733 200"}
{"level":"info","message":"GET /api/whatsappcheck/(64)21763733 200"}
{"level":"info","message":"GET /api/whatsappcheck/(64)21763733 200"}
{"level":"info","message":"GET /api/whatsappcheck/(64)21763733 200"}
{"level":"info","message":"Twilio app running"}
{"level":"info","message":"Server listening at http://localhost:7000"}
{"level":"info","message":"GET /api/whatsappcheck/(64)21763733 200"}
{"level":"info","message":"Twilio app running"}
{"level":"info","message":"Server listening at http://localhost:7000"}
{"level":"info","message":"Twilio app running"}
{"level":"info","message":"Server listening at http://localhost:7000"}
{"level":"info","message":"Twilio app running"}
{"level":"info","message":"Server listening at http://localhost:7000"}
{"level":"info","message":"Twilio app running"}
{"level":"info","message":"Server listening at http://localhost:7000"}
{"level":"info","message":"Twilio app running"}
{"level":"info","message":"Server listening at http://localhost:7000"}
{"level":"info","message":"Twilio app running"}
{"level":"info","message":"Server listening at http://localhost:7000"}
{"level":"info","message":"Twilio app running"}
{"level":"info","message":"Server listening at http://localhost:7000"}
